This is pdfTeX, Version 3.141592653-2.6-1.40.24 (MiKTeX 22.10) (preloaded format=pdflatex 2022.11.10)  10 JAN 2023 14:50
entering extended mode
 restricted \write18 enabled.
 %&-line parsing enabled.
**"D:/1st SEM/1107/LaTex/Research Paper/Research.tex"
(D:/1st SEM/1107/LaTex/Research Paper/Research.tex
LaTeX2e <2022-06-01> patch level 5
L3 programming layer <2022-09-28>
(C:\Users\Nayani Tharushika\AppData\Local\Programs\MiKTeX\tex/latex/base\letter
.cls
Document Class: letter 2021/12/07 v1.3c Standard LaTeX document class

(C:\Users\Nayani Tharushika\AppData\Local\Programs\MiKTeX\tex/latex/base\size10
.clo
File: size10.clo 2021/10/04 v1.4n Standard LaTeX file (size option)
)
\longindentation=\dimen138
\indentedwidth=\dimen139
\labelcount=\count185
)
(C:\Users\Nayani Tharushika\AppData\Local\Programs\MiKTeX\tex/latex/xcolor\xcol
or.sty
Package: xcolor 2022/06/12 v2.14 LaTeX color extensions (UK)

(C:\Users\Nayani Tharushika\AppData\Local\Programs\MiKTeX\tex/latex/graphics-cf
g\color.cfg
File: color.cfg 2016/01/02 v1.6 sample color configuration
)
Package xcolor Info: Driver file: pdftex.def on input line 227.

(C:\Users\Nayani Tharushika\AppData\Local\Programs\MiKTeX\tex/latex/graphics-de
f\pdftex.def
File: pdftex.def 2022/09/22 v1.2b Graphics/color driver for pdftex
\stockwidth=\dimen140
\stockheight=\dimen141
)
(C:\Users\Nayani Tharushika\AppData\Local\Programs\MiKTeX\tex/latex/graphics\ma
thcolor.ltx)
Package xcolor Info: Model `cmy' substituted by `cmy0' on input line 1353.
Package xcolor Info: Model `hsb' substituted by `rgb' on input line 1357.
Package xcolor Info: Model `RGB' extended on input line 1369.
Package xcolor Info: Model `HTML' substituted by `rgb' on input line 1371.
Package xcolor Info: Model `Hsb' substituted by `hsb' on input line 1372.
Package xcolor Info: Model `tHsb' substituted by `hsb' on input line 1373.
Package xcolor Info: Model `HSB' substituted by `hsb' on input line 1374.
Package xcolor Info: Model `Gray' substituted by `gray' on input line 1375.
Package xcolor Info: Model `wave' substituted by `hsb' on input line 1376.
)
(C:\Users\Nayani Tharushika\AppData\Local\Programs\MiKTeX\tex/latex/graphics\gr
aphicx.sty
Package: graphicx 2021/09/16 v1.2d Enhanced LaTeX Graphics (DPC,SPQR)

(C:\Users\Nayani Tharushika\AppData\Local\Programs\MiKTeX\tex/latex/graphics\ke
yval.sty
Package: keyval 2022/05/29 v1.15 key=value parser (DPC)
\KV@toks@=\toks16
)
(C:\Users\Nayani Tharushika\AppData\Local\Programs\MiKTeX\tex/latex/graphics\gr
aphics.sty
Package: graphics 2022/03/10 v1.4e Standard LaTeX Graphics (DPC,SPQR)

(C:\Users\Nayani Tharushika\AppData\Local\Programs\MiKTeX\tex/latex/graphics\tr
ig.sty
Package: trig 2021/08/11 v1.11 sin cos tan (DPC)
)
(C:\Users\Nayani Tharushika\AppData\Local\Programs\MiKTeX\tex/latex/graphics-cf
g\graphics.cfg
File: graphics.cfg 2016/06/04 v1.11 sample graphics configuration
)
Package graphics Info: Driver file: pdftex.def on input line 107.
)
\Gin@req@height=\dimen142
\Gin@req@width=\dimen143
)
(C:\Users\Nayani Tharushika\AppData\Local\Programs\MiKTeX\tex/latex/draftwaterm
ark\draftwatermark.sty
Package: draftwatermark 2020/12/08 3.0 Put a gray textual watermark on document
 pages

(C:\Users\Nayani Tharushika\AppData\Local\Programs\MiKTeX\tex/latex/kvoptions\k
voptions.sty
Package: kvoptions 2022-06-15 v3.15 Key value format for package options (HO)

(C:\Users\Nayani Tharushika\AppData\Local\Programs\MiKTeX\tex/generic/ltxcmds\l
txcmds.sty
Package: ltxcmds 2020-05-10 v1.25 LaTeX kernel commands for general use (HO)
)
(C:\Users\Nayani Tharushika\AppData\Local\Programs\MiKTeX\tex/latex/kvsetkeys\k
vsetkeys.sty
Package: kvsetkeys 2022-10-05 v1.19 Key value parser (HO)
)))
(C:\Users\Nayani Tharushika\AppData\Local\Programs\MiKTeX\tex/latex/background\
background.sty
Package: background 2014/03/04 v2.1 background material

(C:\Users\Nayani Tharushika\AppData\Local\Programs\MiKTeX\tex/latex/xkeyval\xke
yval.sty
Package: xkeyval 2022/06/16 v2.9 package option processing (HA)

(C:\Users\Nayani Tharushika\AppData\Local\Programs\MiKTeX\tex/generic/xkeyval\x
keyval.tex
(C:\Users\Nayani Tharushika\AppData\Local\Programs\MiKTeX\tex/generic/xkeyval\x
kvutils.tex
\XKV@toks=\toks17
\XKV@tempa@toks=\toks18
)
\XKV@depth=\count186
File: xkeyval.tex 2014/12/03 v2.7a key=value parser (HA)
))
(C:\Users\Nayani Tharushika\AppData\Local\Programs\MiKTeX\tex/latex/pgf/fronten
dlayer\tikz.sty
(C:\Users\Nayani Tharushika\AppData\Local\Programs\MiKTeX\tex/latex/pgf/basicla
yer\pgf.sty
(C:\Users\Nayani Tharushika\AppData\Local\Programs\MiKTeX\tex/latex/pgf/utiliti
es\pgfrcs.sty
(C:\Users\Nayani Tharushika\AppData\Local\Programs\MiKTeX\tex/generic/pgf/utili
ties\pgfutil-common.tex
\pgfutil@everybye=\toks19
\pgfutil@tempdima=\dimen144
\pgfutil@tempdimb=\dimen145

(C:\Users\Nayani Tharushika\AppData\Local\Programs\MiKTeX\tex/generic/pgf/utili
ties\pgfutil-common-lists.tex))
(C:\Users\Nayani Tharushika\AppData\Local\Programs\MiKTeX\tex/generic/pgf/utili
ties\pgfutil-latex.def
\pgfutil@abb=\box51
)
(C:\Users\Nayani Tharushika\AppData\Local\Programs\MiKTeX\tex/generic/pgf/utili
ties\pgfrcs.code.tex
(C:\Users\Nayani Tharushika\AppData\Local\Programs\MiKTeX\tex/generic/pgf\pgf.r
evision.tex)
Package: pgfrcs 2021/05/15 v3.1.9a (3.1.9a)
))
Package: pgf 2021/05/15 v3.1.9a (3.1.9a)

(C:\Users\Nayani Tharushika\AppData\Local\Programs\MiKTeX\tex/latex/pgf/basicla
yer\pgfcore.sty
(C:\Users\Nayani Tharushika\AppData\Local\Programs\MiKTeX\tex/latex/pgf/systeml
ayer\pgfsys.sty
(C:\Users\Nayani Tharushika\AppData\Local\Programs\MiKTeX\tex/generic/pgf/syste
mlayer\pgfsys.code.tex
Package: pgfsys 2021/05/15 v3.1.9a (3.1.9a)

(C:\Users\Nayani Tharushika\AppData\Local\Programs\MiKTeX\tex/generic/pgf/utili
ties\pgfkeys.code.tex
\pgfkeys@pathtoks=\toks20
\pgfkeys@temptoks=\toks21

(C:\Users\Nayani Tharushika\AppData\Local\Programs\MiKTeX\tex/generic/pgf/utili
ties\pgfkeysfiltered.code.tex
\pgfkeys@tmptoks=\toks22
))
\pgf@x=\dimen146
\pgf@y=\dimen147
\pgf@xa=\dimen148
\pgf@ya=\dimen149
\pgf@xb=\dimen150
\pgf@yb=\dimen151
\pgf@xc=\dimen152
\pgf@yc=\dimen153
\pgf@xd=\dimen154
\pgf@yd=\dimen155
\w@pgf@writea=\write3
\r@pgf@reada=\read2
\c@pgf@counta=\count187
\c@pgf@countb=\count188
\c@pgf@countc=\count189
\c@pgf@countd=\count190
\t@pgf@toka=\toks23
\t@pgf@tokb=\toks24
\t@pgf@tokc=\toks25
\pgf@sys@id@count=\count191

(C:\Users\Nayani Tharushika\AppData\Local\Programs\MiKTeX\tex/generic/pgf/syste
mlayer\pgf.cfg
File: pgf.cfg 2021/05/15 v3.1.9a (3.1.9a)
)
Driver file for pgf: pgfsys-pdftex.def

(C:\Users\Nayani Tharushika\AppData\Local\Programs\MiKTeX\tex/generic/pgf/syste
mlayer\pgfsys-pdftex.def
File: pgfsys-pdftex.def 2021/05/15 v3.1.9a (3.1.9a)

(C:\Users\Nayani Tharushika\AppData\Local\Programs\MiKTeX\tex/generic/pgf/syste
mlayer\pgfsys-common-pdf.def
File: pgfsys-common-pdf.def 2021/05/15 v3.1.9a (3.1.9a)
)))
(C:\Users\Nayani Tharushika\AppData\Local\Programs\MiKTeX\tex/generic/pgf/syste
mlayer\pgfsyssoftpath.code.tex
File: pgfsyssoftpath.code.tex 2021/05/15 v3.1.9a (3.1.9a)
\pgfsyssoftpath@smallbuffer@items=\count192
\pgfsyssoftpath@bigbuffer@items=\count193
)
(C:\Users\Nayani Tharushika\AppData\Local\Programs\MiKTeX\tex/generic/pgf/syste
mlayer\pgfsysprotocol.code.tex
File: pgfsysprotocol.code.tex 2021/05/15 v3.1.9a (3.1.9a)
))
(C:\Users\Nayani Tharushika\AppData\Local\Programs\MiKTeX\tex/generic/pgf/basic
layer\pgfcore.code.tex
Package: pgfcore 2021/05/15 v3.1.9a (3.1.9a)

(C:\Users\Nayani Tharushika\AppData\Local\Programs\MiKTeX\tex/generic/pgf/math\
pgfmath.code.tex
(C:\Users\Nayani Tharushika\AppData\Local\Programs\MiKTeX\tex/generic/pgf/math\
pgfmathcalc.code.tex
(C:\Users\Nayani Tharushika\AppData\Local\Programs\MiKTeX\tex/generic/pgf/math\
pgfmathutil.code.tex)
(C:\Users\Nayani Tharushika\AppData\Local\Programs\MiKTeX\tex/generic/pgf/math\
pgfmathparser.code.tex
\pgfmath@dimen=\dimen156
\pgfmath@count=\count194
\pgfmath@box=\box52
\pgfmath@toks=\toks26
\pgfmath@stack@operand=\toks27
\pgfmath@stack@operation=\toks28
)
(C:\Users\Nayani Tharushika\AppData\Local\Programs\MiKTeX\tex/generic/pgf/math\
pgfmathfunctions.code.tex
(C:\Users\Nayani Tharushika\AppData\Local\Programs\MiKTeX\tex/generic/pgf/math\
pgfmathfunctions.basic.code.tex)
(C:\Users\Nayani Tharushika\AppData\Local\Programs\MiKTeX\tex/generic/pgf/math\
pgfmathfunctions.trigonometric.code.tex)
(C:\Users\Nayani Tharushika\AppData\Local\Programs\MiKTeX\tex/generic/pgf/math\
pgfmathfunctions.random.code.tex)
(C:\Users\Nayani Tharushika\AppData\Local\Programs\MiKTeX\tex/generic/pgf/math\
pgfmathfunctions.comparison.code.tex)
(C:\Users\Nayani Tharushika\AppData\Local\Programs\MiKTeX\tex/generic/pgf/math\
pgfmathfunctions.base.code.tex)
(C:\Users\Nayani Tharushika\AppData\Local\Programs\MiKTeX\tex/generic/pgf/math\
pgfmathfunctions.round.code.tex)
(C:\Users\Nayani Tharushika\AppData\Local\Programs\MiKTeX\tex/generic/pgf/math\
pgfmathfunctions.misc.code.tex)
(C:\Users\Nayani Tharushika\AppData\Local\Programs\MiKTeX\tex/generic/pgf/math\
pgfmathfunctions.integerarithmetics.code.tex)))
(C:\Users\Nayani Tharushika\AppData\Local\Programs\MiKTeX\tex/generic/pgf/math\
pgfmathfloat.code.tex
\c@pgfmathroundto@lastzeros=\count195
))
(C:\Users\Nayani Tharushika\AppData\Local\Programs\MiKTeX\tex/generic/pgf/math\
pgfint.code.tex)
(C:\Users\Nayani Tharushika\AppData\Local\Programs\MiKTeX\tex/generic/pgf/basic
layer\pgfcorepoints.code.tex
File: pgfcorepoints.code.tex 2021/05/15 v3.1.9a (3.1.9a)
\pgf@picminx=\dimen157
\pgf@picmaxx=\dimen158
\pgf@picminy=\dimen159
\pgf@picmaxy=\dimen160
\pgf@pathminx=\dimen161
\pgf@pathmaxx=\dimen162
\pgf@pathminy=\dimen163
\pgf@pathmaxy=\dimen164
\pgf@xx=\dimen165
\pgf@xy=\dimen166
\pgf@yx=\dimen167
\pgf@yy=\dimen168
\pgf@zx=\dimen169
\pgf@zy=\dimen170
)
(C:\Users\Nayani Tharushika\AppData\Local\Programs\MiKTeX\tex/generic/pgf/basic
layer\pgfcorepathconstruct.code.tex
File: pgfcorepathconstruct.code.tex 2021/05/15 v3.1.9a (3.1.9a)
\pgf@path@lastx=\dimen171
\pgf@path@lasty=\dimen172
)
(C:\Users\Nayani Tharushika\AppData\Local\Programs\MiKTeX\tex/generic/pgf/basic
layer\pgfcorepathusage.code.tex
File: pgfcorepathusage.code.tex 2021/05/15 v3.1.9a (3.1.9a)
\pgf@shorten@end@additional=\dimen173
\pgf@shorten@start@additional=\dimen174
)
(C:\Users\Nayani Tharushika\AppData\Local\Programs\MiKTeX\tex/generic/pgf/basic
layer\pgfcorescopes.code.tex
File: pgfcorescopes.code.tex 2021/05/15 v3.1.9a (3.1.9a)
\pgfpic=\box53
\pgf@hbox=\box54
\pgf@layerbox@main=\box55
\pgf@picture@serial@count=\count196
)
(C:\Users\Nayani Tharushika\AppData\Local\Programs\MiKTeX\tex/generic/pgf/basic
layer\pgfcoregraphicstate.code.tex
File: pgfcoregraphicstate.code.tex 2021/05/15 v3.1.9a (3.1.9a)
\pgflinewidth=\dimen175
)
(C:\Users\Nayani Tharushika\AppData\Local\Programs\MiKTeX\tex/generic/pgf/basic
layer\pgfcoretransformations.code.tex
File: pgfcoretransformations.code.tex 2021/05/15 v3.1.9a (3.1.9a)
\pgf@pt@x=\dimen176
\pgf@pt@y=\dimen177
\pgf@pt@temp=\dimen178
)
(C:\Users\Nayani Tharushika\AppData\Local\Programs\MiKTeX\tex/generic/pgf/basic
layer\pgfcorequick.code.tex
File: pgfcorequick.code.tex 2021/05/15 v3.1.9a (3.1.9a)
)
(C:\Users\Nayani Tharushika\AppData\Local\Programs\MiKTeX\tex/generic/pgf/basic
layer\pgfcoreobjects.code.tex
File: pgfcoreobjects.code.tex 2021/05/15 v3.1.9a (3.1.9a)
)
(C:\Users\Nayani Tharushika\AppData\Local\Programs\MiKTeX\tex/generic/pgf/basic
layer\pgfcorepathprocessing.code.tex
File: pgfcorepathprocessing.code.tex 2021/05/15 v3.1.9a (3.1.9a)
)
(C:\Users\Nayani Tharushika\AppData\Local\Programs\MiKTeX\tex/generic/pgf/basic
layer\pgfcorearrows.code.tex
File: pgfcorearrows.code.tex 2021/05/15 v3.1.9a (3.1.9a)
\pgfarrowsep=\dimen179
)
(C:\Users\Nayani Tharushika\AppData\Local\Programs\MiKTeX\tex/generic/pgf/basic
layer\pgfcoreshade.code.tex
File: pgfcoreshade.code.tex 2021/05/15 v3.1.9a (3.1.9a)
\pgf@max=\dimen180
\pgf@sys@shading@range@num=\count197
\pgf@shadingcount=\count198
)
(C:\Users\Nayani Tharushika\AppData\Local\Programs\MiKTeX\tex/generic/pgf/basic
layer\pgfcoreimage.code.tex
File: pgfcoreimage.code.tex 2021/05/15 v3.1.9a (3.1.9a)

(C:\Users\Nayani Tharushika\AppData\Local\Programs\MiKTeX\tex/generic/pgf/basic
layer\pgfcoreexternal.code.tex
File: pgfcoreexternal.code.tex 2021/05/15 v3.1.9a (3.1.9a)
\pgfexternal@startupbox=\box56
))
(C:\Users\Nayani Tharushika\AppData\Local\Programs\MiKTeX\tex/generic/pgf/basic
layer\pgfcorelayers.code.tex
File: pgfcorelayers.code.tex 2021/05/15 v3.1.9a (3.1.9a)
)
(C:\Users\Nayani Tharushika\AppData\Local\Programs\MiKTeX\tex/generic/pgf/basic
layer\pgfcoretransparency.code.tex
File: pgfcoretransparency.code.tex 2021/05/15 v3.1.9a (3.1.9a)
)
(C:\Users\Nayani Tharushika\AppData\Local\Programs\MiKTeX\tex/generic/pgf/basic
layer\pgfcorepatterns.code.tex
File: pgfcorepatterns.code.tex 2021/05/15 v3.1.9a (3.1.9a)
)
(C:\Users\Nayani Tharushika\AppData\Local\Programs\MiKTeX\tex/generic/pgf/basic
layer\pgfcorerdf.code.tex
File: pgfcorerdf.code.tex 2021/05/15 v3.1.9a (3.1.9a)
)))
(C:\Users\Nayani Tharushika\AppData\Local\Programs\MiKTeX\tex/generic/pgf/modul
es\pgfmoduleshapes.code.tex
File: pgfmoduleshapes.code.tex 2021/05/15 v3.1.9a (3.1.9a)
\pgfnodeparttextbox=\box57
)
(C:\Users\Nayani Tharushika\AppData\Local\Programs\MiKTeX\tex/generic/pgf/modul
es\pgfmoduleplot.code.tex
File: pgfmoduleplot.code.tex 2021/05/15 v3.1.9a (3.1.9a)
)
(C:\Users\Nayani Tharushika\AppData\Local\Programs\MiKTeX\tex/latex/pgf/compati
bility\pgfcomp-version-0-65.sty
Package: pgfcomp-version-0-65 2021/05/15 v3.1.9a (3.1.9a)
\pgf@nodesepstart=\dimen181
\pgf@nodesepend=\dimen182
)
(C:\Users\Nayani Tharushika\AppData\Local\Programs\MiKTeX\tex/latex/pgf/compati
bility\pgfcomp-version-1-18.sty
Package: pgfcomp-version-1-18 2021/05/15 v3.1.9a (3.1.9a)
))
(C:\Users\Nayani Tharushika\AppData\Local\Programs\MiKTeX\tex/latex/pgf/utiliti
es\pgffor.sty
(C:\Users\Nayani Tharushika\AppData\Local\Programs\MiKTeX\tex/latex/pgf/utiliti
es\pgfkeys.sty
(C:\Users\Nayani Tharushika\AppData\Local\Programs\MiKTeX\tex/generic/pgf/utili
ties\pgfkeys.code.tex))
(C:\Users\Nayani Tharushika\AppData\Local\Programs\MiKTeX\tex/latex/pgf/math\pg
fmath.sty
(C:\Users\Nayani Tharushika\AppData\Local\Programs\MiKTeX\tex/generic/pgf/math\
pgfmath.code.tex))
(C:\Users\Nayani Tharushika\AppData\Local\Programs\MiKTeX\tex/generic/pgf/utili
ties\pgffor.code.tex
Package: pgffor 2021/05/15 v3.1.9a (3.1.9a)

(C:\Users\Nayani Tharushika\AppData\Local\Programs\MiKTeX\tex/generic/pgf/math\
pgfmath.code.tex)
\pgffor@iter=\dimen183
\pgffor@skip=\dimen184
\pgffor@stack=\toks29
\pgffor@toks=\toks30
))
(C:\Users\Nayani Tharushika\AppData\Local\Programs\MiKTeX\tex/generic/pgf/front
endlayer/tikz\tikz.code.tex
Package: tikz 2021/05/15 v3.1.9a (3.1.9a)

(C:\Users\Nayani Tharushika\AppData\Local\Programs\MiKTeX\tex/generic/pgf/libra
ries\pgflibraryplothandlers.code.tex
File: pgflibraryplothandlers.code.tex 2021/05/15 v3.1.9a (3.1.9a)
\pgf@plot@mark@count=\count199
\pgfplotmarksize=\dimen185
)
\tikz@lastx=\dimen186
\tikz@lasty=\dimen187
\tikz@lastxsaved=\dimen188
\tikz@lastysaved=\dimen189
\tikz@lastmovetox=\dimen190
\tikz@lastmovetoy=\dimen191
\tikzleveldistance=\dimen192
\tikzsiblingdistance=\dimen193
\tikz@figbox=\box58
\tikz@figbox@bg=\box59
\tikz@tempbox=\box60
\tikz@tempbox@bg=\box61
\tikztreelevel=\count266
\tikznumberofchildren=\count267
\tikznumberofcurrentchild=\count268
\tikz@fig@count=\count269

(C:\Users\Nayani Tharushika\AppData\Local\Programs\MiKTeX\tex/generic/pgf/modul
es\pgfmodulematrix.code.tex
File: pgfmodulematrix.code.tex 2021/05/15 v3.1.9a (3.1.9a)
\pgfmatrixcurrentrow=\count270
\pgfmatrixcurrentcolumn=\count271
\pgf@matrix@numberofcolumns=\count272
)
\tikz@expandcount=\count273

(C:\Users\Nayani Tharushika\AppData\Local\Programs\MiKTeX\tex/generic/pgf/front
endlayer/tikz/libraries\tikzlibrarytopaths.code.tex
File: tikzlibrarytopaths.code.tex 2021/05/15 v3.1.9a (3.1.9a)
)))
(C:\Users\Nayani Tharushika\AppData\Local\Programs\MiKTeX\tex/latex/everypage\e
verypage.sty
Package: everypage 2020/10/17 R2.0b Hooks to run on every page


Package everypage Warning: Functionality similar to this package has recently
(everypage)                been implemented in LaTeX. This package is now in
(everypage)                legacy status.
(everypage)                Please, don't use it in new documents and packages.


Package everypage Warning: You appear to be running a version of LaTeX
(everypage)                providing the new functionality.
(everypage)                Doing the best to deliver the original `everypage`
(everypage)                interface on top of it. Strict equivalence is
(everypage)                not possible, breakage may occur.
(everypage)                If truly needed, Use `everypage-1x` to force the
(everypage)                loading of an older code base.

)
(C:\Users\Nayani Tharushika\AppData\Local\Programs\MiKTeX\tex/latex/tools\after
page.sty
Package: afterpage 2014/10/28 v1.08 After-Page Package (DPC)
\AP@output=\toks31
\AP@partial=\box62
\AP@footins=\box63
))
(C:\Users\Nayani Tharushika\AppData\Local\Programs\MiKTeX\tex/latex/hyperref\hy
perref.sty
Package: hyperref 2022-09-22 v7.00t Hypertext links for LaTeX

(C:\Users\Nayani Tharushika\AppData\Local\Programs\MiKTeX\tex/generic/iftex\ift
ex.sty
Package: iftex 2022/02/03 v1.0f TeX engine tests
)
(C:\Users\Nayani Tharushika\AppData\Local\Programs\MiKTeX\tex/generic/pdftexcmd
s\pdftexcmds.sty
Package: pdftexcmds 2020-06-27 v0.33 Utility functions of pdfTeX for LuaTeX (HO
)

(C:\Users\Nayani Tharushika\AppData\Local\Programs\MiKTeX\tex/generic/infwarerr
\infwarerr.sty
Package: infwarerr 2019/12/03 v1.5 Providing info/warning/error messages (HO)
)
Package pdftexcmds Info: \pdf@primitive is available.
Package pdftexcmds Info: \pdf@ifprimitive is available.
Package pdftexcmds Info: \pdfdraftmode found.
)
(C:\Users\Nayani Tharushika\AppData\Local\Programs\MiKTeX\tex/generic/kvdefinek
eys\kvdefinekeys.sty
Package: kvdefinekeys 2019-12-19 v1.6 Define keys (HO)
)
(C:\Users\Nayani Tharushika\AppData\Local\Programs\MiKTeX\tex/generic/pdfescape
\pdfescape.sty
Package: pdfescape 2019/12/09 v1.15 Implements pdfTeX's escape features (HO)
)
(C:\Users\Nayani Tharushika\AppData\Local\Programs\MiKTeX\tex/latex/hycolor\hyc
olor.sty
Package: hycolor 2020-01-27 v1.10 Color options for hyperref/bookmark (HO)
)
(C:\Users\Nayani Tharushika\AppData\Local\Programs\MiKTeX\tex/latex/letltxmacro
\letltxmacro.sty
Package: letltxmacro 2019/12/03 v1.6 Let assignment for LaTeX macros (HO)
)
(C:\Users\Nayani Tharushika\AppData\Local\Programs\MiKTeX\tex/latex/auxhook\aux
hook.sty
Package: auxhook 2019-12-17 v1.6 Hooks for auxiliary files (HO)
)
(C:\Users\Nayani Tharushika\AppData\Local\Programs\MiKTeX\tex/latex/hyperref\na
meref.sty
Package: nameref 2022-05-17 v2.50 Cross-referencing by name of section

(C:\Users\Nayani Tharushika\AppData\Local\Programs\MiKTeX\tex/latex/refcount\re
fcount.sty
Package: refcount 2019/12/15 v3.6 Data extraction from label references (HO)
)
(C:\Users\Nayani Tharushika\AppData\Local\Programs\MiKTeX\tex/generic/gettitles
tring\gettitlestring.sty
Package: gettitlestring 2019/12/15 v1.6 Cleanup title references (HO)
)
\c@section@level=\count274
)
\@linkdim=\dimen194
\Hy@linkcounter=\count275
\Hy@pagecounter=\count276

(C:\Users\Nayani Tharushika\AppData\Local\Programs\MiKTeX\tex/latex/hyperref\pd
1enc.def
File: pd1enc.def 2022-09-22 v7.00t Hyperref: PDFDocEncoding definition (HO)
Now handling font encoding PD1 ...
... no UTF-8 mapping file for font encoding PD1
)
(C:\Users\Nayani Tharushika\AppData\Local\Programs\MiKTeX\tex/generic/intcalc\i
ntcalc.sty
Package: intcalc 2019/12/15 v1.3 Expandable calculations with integers (HO)
)
(C:\Users\Nayani Tharushika\AppData\Local\Programs\MiKTeX\tex/generic/etexcmds\
etexcmds.sty
Package: etexcmds 2019/12/15 v1.7 Avoid name clashes with e-TeX commands (HO)
)
\Hy@SavedSpaceFactor=\count277

(C:\Users\Nayani Tharushika\AppData\Local\Programs\MiKTeX\tex/latex/hyperref\pu
enc.def
File: puenc.def 2022-09-22 v7.00t Hyperref: PDF Unicode definition (HO)
Now handling font encoding PU ...
... no UTF-8 mapping file for font encoding PU
)
Package hyperref Info: Hyper figures OFF on input line 4162.
Package hyperref Info: Link nesting OFF on input line 4167.
Package hyperref Info: Hyper index ON on input line 4170.
Package hyperref Info: Plain pages OFF on input line 4177.
Package hyperref Info: Backreferencing OFF on input line 4182.
Package hyperref Info: Implicit mode ON; LaTeX internals redefined.
Package hyperref Info: Bookmarks ON on input line 4410.
\c@Hy@tempcnt=\count278

(C:\Users\Nayani Tharushika\AppData\Local\Programs\MiKTeX\tex/latex/url\url.sty
\Urlmuskip=\muskip16
Package: url 2013/09/16  ver 3.4  Verb mode for urls, etc.
)
LaTeX Info: Redefining \url on input line 4748.
\XeTeXLinkMargin=\dimen195

(C:\Users\Nayani Tharushika\AppData\Local\Programs\MiKTeX\tex/generic/bitset\bi
tset.sty
Package: bitset 2019/12/09 v1.3 Handle bit-vector datatype (HO)

(C:\Users\Nayani Tharushika\AppData\Local\Programs\MiKTeX\tex/generic/bigintcal
c\bigintcalc.sty
Package: bigintcalc 2019/12/15 v1.5 Expandable calculations on big integers (HO
)
))
\Fld@menulength=\count279
\Field@Width=\dimen196
\Fld@charsize=\dimen197
Package hyperref Info: Hyper figures OFF on input line 6027.
Package hyperref Info: Link nesting OFF on input line 6032.
Package hyperref Info: Hyper index ON on input line 6035.
Package hyperref Info: backreferencing OFF on input line 6042.
Package hyperref Info: Link coloring OFF on input line 6047.
Package hyperref Info: Link coloring with OCG OFF on input line 6052.
Package hyperref Info: PDF/A mode OFF on input line 6057.

(C:\Users\Nayani Tharushika\AppData\Local\Programs\MiKTeX\tex/latex/base\atbegs
hi-ltx.sty
Package: atbegshi-ltx 2021/01/10 v1.0c Emulation of the original atbegshi
package with kernel methods
)
\Hy@abspage=\count280
\c@Item=\count281
\c@Hfootnote=\count282
)
Package hyperref Info: Driver (autodetected): hpdftex.

(C:\Users\Nayani Tharushika\AppData\Local\Programs\MiKTeX\tex/latex/hyperref\hp
dftex.def
File: hpdftex.def 2022-09-22 v7.00t Hyperref driver for pdfTeX

(C:\Users\Nayani Tharushika\AppData\Local\Programs\MiKTeX\tex/latex/base\atvery
end-ltx.sty
Package: atveryend-ltx 2020/08/19 v1.0a Emulation of the original atveryend pac
kage
with kernel methods
)
\Fld@listcount=\count283
\c@bookmark@seq@number=\count284

(C:\Users\Nayani Tharushika\AppData\Local\Programs\MiKTeX\tex/latex/rerunfilech
eck\rerunfilecheck.sty
Package: rerunfilecheck 2022-07-10 v1.10 Rerun checks for auxiliary files (HO)

(C:\Users\Nayani Tharushika\AppData\Local\Programs\MiKTeX\tex/generic/uniquecou
nter\uniquecounter.sty
Package: uniquecounter 2019/12/15 v1.4 Provide unlimited unique counter (HO)
)
Package uniquecounter Info: New unique counter `rerunfilecheck' on input line 2
85.
)
\Hy@SectionHShift=\skip47
)
(C:\Users\Nayani Tharushika\AppData\Local\Programs\MiKTeX\tex/latex/blindtext\b
lindtext.sty
Package: blindtext 2012/01/06 V2.0 blindtext-Package

(C:\Users\Nayani Tharushika\AppData\Local\Programs\MiKTeX\tex/latex/tools\xspac
e.sty
Package: xspace 2014/10/28 v1.13 Space after command names (DPC,MH)
)
\c@blindtext=\count285
\c@Blindtext=\count286
\c@blind@countparstart=\count287
\blind@countxx=\count288
\blindtext@numBlindtext=\count289
\blind@countyy=\count290
\c@blindlist=\count291
\c@blindlistlevel=\count292
\c@blindlist@level=\count293
\blind@listitem=\count294
\c@blind@listcount=\count295
\c@blind@levelcount=\count296
\blind@mathformula=\count297
\blind@Mathformula=\count298
\c@blind@randomcount=\count299
\c@blind@randommax=\count300
\c@blind@pangramcount=\count301
\c@blind@pangrammax=\count302
)
(C:\Users\Nayani Tharushika\AppData\Local\Programs\MiKTeX\tex/latex/tools\multi
col.sty
Package: multicol 2021/11/30 v1.9d multicolumn formatting (FMi)
\c@tracingmulticols=\count303
\mult@box=\box64
\multicol@leftmargin=\dimen198
\c@unbalance=\count304
\c@collectmore=\count305
\doublecol@number=\count306
\multicoltolerance=\count307
\multicolpretolerance=\count308
\full@width=\dimen199
\page@free=\dimen256
\premulticols=\dimen257
\postmulticols=\dimen258
\multicolsep=\skip48
\multicolbaselineskip=\skip49
\partial@page=\box65
\last@line=\box66
\maxbalancingoverflow=\dimen259
\mult@rightbox=\box67
\mult@grightbox=\box68
\mult@firstbox=\box69
\mult@gfirstbox=\box70
\@tempa=\box71
\@tempa=\box72
\@tempa=\box73
\@tempa=\box74
\@tempa=\box75
\@tempa=\box76
\@tempa=\box77
\@tempa=\box78
\@tempa=\box79
\@tempa=\box80
\@tempa=\box81
\@tempa=\box82
\@tempa=\box83
\@tempa=\box84
\@tempa=\box85
\@tempa=\box86
\@tempa=\box87
\@tempa=\box88
\@tempa=\box89
\@tempa=\box90
\@tempa=\box91
\@tempa=\box92
\@tempa=\box93
\@tempa=\box94
\@tempa=\box95
\@tempa=\box96
\@tempa=\box97
\@tempa=\box98
\@tempa=\box99
\@tempa=\box100
\@tempa=\box101
\@tempa=\box102
\@tempa=\box103
\@tempa=\box104
\@tempa=\box105
\@tempa=\box106
\c@minrows=\count309
\c@columnbadness=\count310
\c@finalcolumnbadness=\count311
\last@try=\dimen260
\multicolovershoot=\dimen261
\multicolundershoot=\dimen262
\mult@nat@firstbox=\box107
\colbreak@box=\box108
\mc@col@check@num=\count312
)
(C:\Users\Nayani Tharushika\AppData\Local\Programs\MiKTeX\tex/latex/fancyhdr\fa
ncyhdr.sty
Package: fancyhdr 2022/11/09 v4.1 Extensive control of page headers and footers

\f@nch@headwidth=\skip50
\f@nch@O@elh=\skip51
\f@nch@O@erh=\skip52
\f@nch@O@olh=\skip53
\f@nch@O@orh=\skip54
\f@nch@O@elf=\skip55
\f@nch@O@erf=\skip56
\f@nch@O@olf=\skip57
\f@nch@O@orf=\skip58
)
(C:\Users\Nayani Tharushika\AppData\Local\Programs\MiKTeX\tex/latex/pgf-pie\pgf
-pie.sty
Package: pgf-pie 2022/06/14 v0.7 Some LaTeX macros for pie chart by using PGF/T
ikz package.

(C:\Users\Nayani Tharushika\AppData\Local\Programs\MiKTeX\tex/latex/pgf-pie\tik
zlibrarypie.code.tex
(C:\Users\Nayani Tharushika\AppData\Local\Programs\MiKTeX\tex/latex/carlisle\sc
alefnt.sty)
\pgfpie@angleEnd=\dimen263
\pgfpie@explodeLength=\count313
\pgfpie@colorLength=\count314
\pgfpie@sliceLength=\count315
))
(C:\Users\Nayani Tharushika\AppData\Local\Programs\MiKTeX\tex/latex/pgfplots\pg
fplots.sty
(C:\Users\Nayani Tharushika\AppData\Local\Programs\MiKTeX\tex/generic/pgfplots\
pgfplots.revision.tex)
Package: pgfplots 2021/05/15 v1.18.1 Data Visualization (1.18.1)

(C:\Users\Nayani Tharushika\AppData\Local\Programs\MiKTeX\tex/generic/pgfplots\
pgfplots.code.tex
(C:\Users\Nayani Tharushika\AppData\Local\Programs\MiKTeX\tex/generic/pgfplots\
pgfplotscore.code.tex
\t@pgfplots@toka=\toks32
\t@pgfplots@tokb=\toks33
\t@pgfplots@tokc=\toks34
\pgfplots@tmpa=\dimen264
\c@pgfplots@coordindex=\count316
\c@pgfplots@scanlineindex=\count317

(C:\Users\Nayani Tharushika\AppData\Local\Programs\MiKTeX\tex/generic/pgfplots/
sys\pgfplotssysgeneric.code.tex))
(C:\Users\Nayani Tharushika\AppData\Local\Programs\MiKTeX\tex/generic/pgfplots/
libs\pgfplotslibrary.code.tex)
(C:\Users\Nayani Tharushika\AppData\Local\Programs\MiKTeX\tex/generic/pgfplots/
oldpgfcompatib\pgfplotsoldpgfsupp_loader.code.tex
(C:\Users\Nayani Tharushika\AppData\Local\Programs\MiKTeX\tex/generic/pgf/libra
ries\pgflibraryfpu.code.tex))
(C:\Users\Nayani Tharushika\AppData\Local\Programs\MiKTeX\tex/generic/pgfplots/
util\pgfplotsutil.code.tex
(C:\Users\Nayani Tharushika\AppData\Local\Programs\MiKTeX\tex/generic/pgfplots/
liststructure\pgfplotsliststructure.code.tex)
(C:\Users\Nayani Tharushika\AppData\Local\Programs\MiKTeX\tex/generic/pgfplots/
liststructure\pgfplotsliststructureext.code.tex)
(C:\Users\Nayani Tharushika\AppData\Local\Programs\MiKTeX\tex/generic/pgfplots/
liststructure\pgfplotsarray.code.tex
\c@pgfplotsarray@tmp=\count318
)
(C:\Users\Nayani Tharushika\AppData\Local\Programs\MiKTeX\tex/generic/pgfplots/
liststructure\pgfplotsmatrix.code.tex)
(C:\Users\Nayani Tharushika\AppData\Local\Programs\MiKTeX\tex/generic/pgfplots/
numtable\pgfplotstableshared.code.tex
\c@pgfplotstable@counta=\count319
\t@pgfplotstable@a=\toks35
)
(C:\Users\Nayani Tharushika\AppData\Local\Programs\MiKTeX\tex/generic/pgfplots/
liststructure\pgfplotsdeque.code.tex)
(C:\Users\Nayani Tharushika\AppData\Local\Programs\MiKTeX\tex/generic/pgfplots/
util\pgfplotsbinary.code.tex
(C:\Users\Nayani Tharushika\AppData\Local\Programs\MiKTeX\tex/generic/pgfplots/
util\pgfplotsbinary.data.code.tex))
(C:\Users\Nayani Tharushika\AppData\Local\Programs\MiKTeX\tex/generic/pgfplots/
util\pgfplotsutil.verb.code.tex)
(C:\Users\Nayani Tharushika\AppData\Local\Programs\MiKTeX\tex/generic/pgfplots/
libs\pgflibrarypgfplots.surfshading.code.tex
\c@pgfplotslibrarysurf@no=\count320

(C:\Users\Nayani Tharushika\AppData\Local\Programs\MiKTeX\tex/generic/pgfplots/
sys\pgflibrarypgfplots.surfshading.pgfsys-pdftex.def)))
(C:\Users\Nayani Tharushika\AppData\Local\Programs\MiKTeX\tex/generic/pgfplots/
util\pgfplotscolormap.code.tex
(C:\Users\Nayani Tharushika\AppData\Local\Programs\MiKTeX\tex/generic/pgfplots/
util\pgfplotscolor.code.tex))
(C:\Users\Nayani Tharushika\AppData\Local\Programs\MiKTeX\tex/generic/pgfplots\
pgfplotsstackedplots.code.tex)
(C:\Users\Nayani Tharushika\AppData\Local\Programs\MiKTeX\tex/generic/pgfplots\
pgfplotsplothandlers.code.tex
(C:\Users\Nayani Tharushika\AppData\Local\Programs\MiKTeX\tex/generic/pgfplots\
pgfplotsmeshplothandler.code.tex
(C:\Users\Nayani Tharushika\AppData\Local\Programs\MiKTeX\tex/generic/pgfplots\
pgfplotsmeshplotimage.code.tex)))
(C:\Users\Nayani Tharushika\AppData\Local\Programs\MiKTeX\tex/generic/pgfplots\
pgfplots.scaling.code.tex)
(C:\Users\Nayani Tharushika\AppData\Local\Programs\MiKTeX\tex/generic/pgfplots\
pgfplotscoordprocessing.code.tex)
(C:\Users\Nayani Tharushika\AppData\Local\Programs\MiKTeX\tex/generic/pgfplots\
pgfplots.errorbars.code.tex)
(C:\Users\Nayani Tharushika\AppData\Local\Programs\MiKTeX\tex/generic/pgfplots\
pgfplots.markers.code.tex)
(C:\Users\Nayani Tharushika\AppData\Local\Programs\MiKTeX\tex/generic/pgfplots\
pgfplotsticks.code.tex)
(C:\Users\Nayani Tharushika\AppData\Local\Programs\MiKTeX\tex/generic/pgfplots\
pgfplots.paths.code.tex)
(C:\Users\Nayani Tharushika\AppData\Local\Programs\MiKTeX\tex/generic/pgf/front
endlayer/tikz/libraries\tikzlibrarydecorations.code.tex
(C:\Users\Nayani Tharushika\AppData\Local\Programs\MiKTeX\tex/generic/pgf/modul
es\pgfmoduledecorations.code.tex
\pgfdecoratedcompleteddistance=\dimen265
\pgfdecoratedremainingdistance=\dimen266
\pgfdecoratedinputsegmentcompleteddistance=\dimen267
\pgfdecoratedinputsegmentremainingdistance=\dimen268
\pgf@decorate@distancetomove=\dimen269
\pgf@decorate@repeatstate=\count321
\pgfdecorationsegmentamplitude=\dimen270
\pgfdecorationsegmentlength=\dimen271
)
\tikz@lib@dec@box=\box109
)
(C:\Users\Nayani Tharushika\AppData\Local\Programs\MiKTeX\tex/generic/pgf/front
endlayer/tikz/libraries\tikzlibrarydecorations.pathmorphing.code.tex
(C:\Users\Nayani Tharushika\AppData\Local\Programs\MiKTeX\tex/generic/pgf/libra
ries/decorations\pgflibrarydecorations.pathmorphing.code.tex))
(C:\Users\Nayani Tharushika\AppData\Local\Programs\MiKTeX\tex/generic/pgf/front
endlayer/tikz/libraries\tikzlibrarydecorations.pathreplacing.code.tex
(C:\Users\Nayani Tharushika\AppData\Local\Programs\MiKTeX\tex/generic/pgf/libra
ries/decorations\pgflibrarydecorations.pathreplacing.code.tex))
(C:\Users\Nayani Tharushika\AppData\Local\Programs\MiKTeX\tex/generic/pgfplots/
libs\tikzlibrarypgfplots.contourlua.code.tex)
\pgfplots@numplots=\count322
\pgfplots@xmin@reg=\dimen272
\pgfplots@xmax@reg=\dimen273
\pgfplots@ymin@reg=\dimen274
\pgfplots@ymax@reg=\dimen275
\pgfplots@zmin@reg=\dimen276
\pgfplots@zmax@reg=\dimen277
)
(C:\Users\Nayani Tharushika\AppData\Local\Programs\MiKTeX\tex/generic/pgf/front
endlayer/tikz/libraries\tikzlibraryplotmarks.code.tex
File: tikzlibraryplotmarks.code.tex 2021/05/15 v3.1.9a (3.1.9a)

(C:\Users\Nayani Tharushika\AppData\Local\Programs\MiKTeX\tex/generic/pgf/libra
ries\pgflibraryplotmarks.code.tex
File: pgflibraryplotmarks.code.tex 2021/05/15 v3.1.9a (3.1.9a)
)))
(C:\Users\Nayani Tharushika\AppData\Local\Programs\MiKTeX\tex/latex/geometry\ge
ometry.sty
Package: geometry 2020/01/02 v5.9 Page Geometry

(C:\Users\Nayani Tharushika\AppData\Local\Programs\MiKTeX\tex/generic/iftex\ifv
tex.sty
Package: ifvtex 2019/10/25 v1.7 ifvtex legacy package. Use iftex instead.
)
\Gm@cnth=\count323
\Gm@cntv=\count324
\c@Gm@tempcnt=\count325
\Gm@bindingoffset=\dimen278
\Gm@wd@mp=\dimen279
\Gm@odd@mp=\dimen280
\Gm@even@mp=\dimen281
\Gm@layoutwidth=\dimen282
\Gm@layoutheight=\dimen283
\Gm@layouthoffset=\dimen284
\Gm@layoutvoffset=\dimen285
\Gm@dimlist=\toks36

(C:\Users\Nayani Tharushika\AppData\Local\Programs\MiKTeX\tex/latex/geometry\ge
ometry.cfg))
(C:\Users\Nayani Tharushika\AppData\Local\Programs\MiKTeX\tex/latex/nopageno\no
pageno.sty
Package: nopageno 1989/01/01 no page numbers (DPC)
)
(C:\Users\Nayani Tharushika\AppData\Local\Programs\MiKTeX\tex/latex/l3backend\l
3backend-pdftex.def
File: l3backend-pdftex.def 2022-09-28 L3 backend support: PDF output (pdfTeX)
\l__color_backend_stack_int=\count326
\l__pdf_internal_box=\box110
)
No file Research.aux.
\openout1 = `Research.aux'.

LaTeX Font Info:    Checking defaults for OML/cmm/m/it on input line 23.
LaTeX Font Info:    ... okay on input line 23.
LaTeX Font Info:    Checking defaults for OMS/cmsy/m/n on input line 23.
LaTeX Font Info:    ... okay on input line 23.
LaTeX Font Info:    Checking defaults for OT1/cmr/m/n on input line 23.
LaTeX Font Info:    ... okay on input line 23.
LaTeX Font Info:    Checking defaults for T1/cmr/m/n on input line 23.
LaTeX Font Info:    ... okay on input line 23.
LaTeX Font Info:    Checking defaults for TS1/cmr/m/n on input line 23.
LaTeX Font Info:    ... okay on input line 23.
LaTeX Font Info:    Checking defaults for OMX/cmex/m/n on input line 23.
LaTeX Font Info:    ... okay on input line 23.
LaTeX Font Info:    Checking defaults for U/cmr/m/n on input line 23.
LaTeX Font Info:    ... okay on input line 23.
LaTeX Font Info:    Checking defaults for PD1/pdf/m/n on input line 23.
LaTeX Font Info:    ... okay on input line 23.
LaTeX Font Info:    Checking defaults for PU/pdf/m/n on input line 23.
LaTeX Font Info:    ... okay on input line 23.

(C:\Users\Nayani Tharushika\AppData\Local\Programs\MiKTeX\tex/context/base/mkii
\supp-pdf.mkii
[Loading MPS to PDF converter (version 2006.09.02).]
\scratchcounter=\count327
\scratchdimen=\dimen286
\scratchbox=\box111
\nofMPsegments=\count328
\nofMParguments=\count329
\everyMPshowfont=\toks37
\MPscratchCnt=\count330
\MPscratchDim=\dimen287
\MPnumerator=\count331
\makeMPintoPDFobject=\count332
\everyMPtoPDFconversion=\toks38
)
(C:\Users\Nayani Tharushika\AppData\Local\Programs\MiKTeX\tex/latex/epstopdf-pk
g\epstopdf-base.sty
Package: epstopdf-base 2020-01-24 v2.11 Base part for package epstopdf
Package epstopdf-base Info: Redefining graphics rule for `.eps' on input line 4
85.

(C:\Users\Nayani Tharushika\AppData\Local\Programs\MiKTeX\tex/latex/00miktex\ep
stopdf-sys.cfg
File: epstopdf-sys.cfg 2021/03/18 v2.0 Configuration of epstopdf for MiKTeX
))
Package hyperref Info: Link coloring OFF on input line 23.
\@outlinefile=\write4
\openout4 = `Research.out'.


Package pgfplots notification 'compat/show suggested version=true': you might b
enefit from \pgfplotsset{compat=1.18} (current compat level: 1.7).

*geometry* driver: auto-detecting
*geometry* detected driver: pdftex
*geometry* verbose mode - [ preamble ] result:
* driver: pdftex
* paper: a4paper
* layout: <same size as paper>
* layoutoffset:(h,v)=(0.0pt,0.0pt)
* modes: 
* h-part:(L,W,R)=(45.80893pt, 505.89pt, 45.80894pt)
* v-part:(T,H,B)=(48.93872pt, 722.7pt, 73.40813pt)
* \paperwidth=597.50787pt
* \paperheight=845.04684pt
* \textwidth=505.89pt
* \textheight=722.7pt
* \oddsidemargin=-26.46106pt
* \evensidemargin=-26.46106pt
* \topmargin=-80.33127pt
* \headheight=12.0pt
* \headsep=45.0pt
* \topskip=10.0pt
* \footskip=25.0pt
* \marginparwidth=90.0pt
* \marginparsep=11.0pt
* \columnsep=28.45274pt
* \skip\footins=10.0pt plus 2.0pt minus 4.0pt
* \hoffset=0.0pt
* \voffset=0.0pt
* \mag=1000
* \@twocolumnfalse
* \@twosidefalse
* \@mparswitchfalse
* \@reversemarginfalse
* (1in=72.27pt=25.4mm, 1cm=28.453pt)

! TeX capacity exceeded, sorry [input stack size=10000].
\@ifnextchar #1#2#3->\let \reserved@d =#1
                                         \def \reserved@a {#2}\def \reserved...
l.35 .../doi.org/10.46501/IJMTST0801022 }}\newline
                                                   Available online at: \hre...
If you really absolutely need more capacity,
you can ask a wizard to enlarge me.

 
Here is how much of TeX's memory you used:
 30134 strings out of 475385
 733473 string characters out of 2771206
 1520635 words of memory out of 3000000
 51048 multiletter control sequences out of 15000+600000
 469947 words of font info for 30 fonts, out of 8000000 for 9000
 1141 hyphenation exceptions out of 8191
 10000i,1n,16675p,792b,609s stack positions out of 10000i,1000n,20000p,200000b,80000s
!  ==> Fatal error occurred, no output PDF file produced!
